# JRE version: Java(TM) SE Runtime Environment (8.0_102-b14) (build 1.8.0_102-b14)
# Java VM: Java HotSpot(TM) 64-Bit Server VM (25.102-b14 mixed mode linux-amd64 compressed oops)
Heap:
 PSYoungGen      total 137216K, used 6032K [0x00000000ebf00000, 0x00000000f5000000, 0x0000000100000000)
  eden space 126464K, 0% used [0x00000000ebf00000,0x00000000ebf00000,0x00000000f3a80000)
  from space 10752K, 56% used [0x00000000f3a80000,0x00000000f4064230,0x00000000f4500000)
  to   space 10240K, 0% used [0x00000000f4500000,0x00000000f4500000,0x00000000f4f00000)
 ParOldGen       total 42496K, used 15027K [0x00000000c3c00000, 0x00000000c6580000, 0x00000000ebf00000)
  object space 42496K, 35% used [0x00000000c3c00000,0x00000000c4aacdb0,0x00000000c6580000)
 Metaspace       used 20882K, capacity 21134K, committed 21296K, reserved 1069056K
  class space    used 2561K, capacity 2662K, committed 2688K, reserved 1048576K
GC Heap History (10 events):
Event: 1.960 GC heap after
Heap after GC invocations=2 (full 0):
 PSYoungGen      total 34304K, used 2553K [0x00000000ebf00000, 0x00000000ee300000, 0x0000000100000000)
  eden space 31744K, 0% used [0x00000000ebf00000,0x00000000ebf00000,0x00000000ede00000)
  from space 2560K, 99% used [0x00000000ee080000,0x00000000ee2fe7c0,0x00000000ee300000)
  to   space 2560K, 0% used [0x00000000ede00000,0x00000000ede00000,0x00000000ee080000)
 ParOldGen       total 42496K, used 1026K [0x00000000c3c00000, 0x00000000c6580000, 0x00000000ebf00000)
  object space 42496K, 2% used [0x00000000c3c00000,0x00000000c3d00960,0x00000000c6580000)
 Metaspace       used 8316K, capacity 8414K, committed 8704K, reserved 1056768K
  class space    used 930K, capacity 947K, committed 1024K, reserved 1048576K
}
Event: 2.826 GC heap before
{Heap before GC invocations=3 (full 0):
 PSYoungGen      total 34304K, used 34297K [0x00000000ebf00000, 0x00000000ee300000, 0x0000000100000000)
  eden space 31744K, 100% used [0x00000000ebf00000,0x00000000ede00000,0x00000000ede00000)
  from space 2560K, 99% used [0x00000000ee080000,0x00000000ee2fe7c0,0x00000000ee300000)
  to   space 2560K, 0% used [0x00000000ede00000,0x00000000ede00000,0x00000000ee080000)
 ParOldGen       total 42496K, used 1026K [0x00000000c3c00000, 0x00000000c6580000, 0x00000000ebf00000)
  object space 42496K, 2% used [0x00000000c3c00000,0x00000000c3d00960,0x00000000c6580000)
 Metaspace       used 11576K, capacity 11710K, committed 12032K, reserved 1060864K
  class space    used 1387K, capacity 1427K, committed 1536K, reserved 1048576K
Event: 2.843 GC heap after
Heap after GC invocations=3 (full 0):
 PSYoungGen      total 34304K, used 2539K [0x00000000ebf00000, 0x00000000f0200000, 0x0000000100000000)
  eden space 31744K, 0% used [0x00000000ebf00000,0x00000000ebf00000,0x00000000ede00000)
  from space 2560K, 99% used [0x00000000ede00000,0x00000000ee07adb8,0x00000000ee080000)
  to   space 2560K, 0% used [0x00000000eff80000,0x00000000eff80000,0x00000000f0200000)
 ParOldGen       total 42496K, used 3660K [0x00000000c3c00000, 0x00000000c6580000, 0x00000000ebf00000)
  object space 42496K, 8% used [0x00000000c3c00000,0x00000000c3f93258,0x00000000c6580000)
 Metaspace       used 11576K, capacity 11710K, committed 12032K, reserved 1060864K
  class space    used 1387K, capacity 1427K, committed 1536K, reserved 1048576K
}
Event: 3.744 GC heap before
{Heap before GC invocations=4 (full 0):
 PSYoungGen      total 34304K, used 34283K [0x00000000ebf00000, 0x00000000f0200000, 0x0000000100000000)
  eden space 31744K, 100% used [0x00000000ebf00000,0x00000000ede00000,0x00000000ede00000)
  from space 2560K, 99% used [0x00000000ede00000,0x00000000ee07adb8,0x00000000ee080000)
  to   space 2560K, 0% used [0x00000000eff80000,0x00000000eff80000,0x00000000f0200000)
 ParOldGen       total 42496K, used 3682K [0x00000000c3c00000, 0x00000000c6580000, 0x00000000ebf00000)
  object space 42496K, 8% used [0x00000000c3c00000,0x00000000c3f989d8,0x00000000c6580000)
 Metaspace       used 15190K, capacity 15332K, committed 15488K, reserved 1062912K
  class space    used 1881K, capacity 1908K, committed 1920K, reserved 1048576K
Event: 3.780 GC heap after
Heap after GC invocations=4 (full 0):
 PSYoungGen      total 66048K, used 2544K [0x00000000ebf00000, 0x00000000f0200000, 0x0000000100000000)
  eden space 63488K, 0% used [0x00000000ebf00000,0x00000000ebf00000,0x00000000efd00000)
  from space 2560K, 99% used [0x00000000eff80000,0x00000000f01fc010,0x00000000f0200000)
  to   space 2560K, 0% used [0x00000000efd00000,0x00000000efd00000,0x00000000eff80000)
 ParOldGen       total 42496K, used 9869K [0x00000000c3c00000, 0x00000000c6580000, 0x00000000ebf00000)
  object space 42496K, 23% used [0x00000000c3c00000,0x00000000c45a3648,0x00000000c6580000)
 Metaspace       used 15190K, capacity 15332K, committed 15488K, reserved 1062912K
  class space    used 1881K, capacity 1908K, committed 1920K, reserved 1048576K
}
Event: 5.089 GC heap before
{Heap before GC invocations=5 (full 0):
 PSYoungGen      total 66048K, used 66032K [0x00000000ebf00000, 0x00000000f0200000, 0x0000000100000000)
  eden space 63488K, 100% used [0x00000000ebf00000,0x00000000efd00000,0x00000000efd00000)
  from space 2560K, 99% used [0x00000000eff80000,0x00000000f01fc010,0x00000000f0200000)
  to   space 2560K, 0% used [0x00000000efd00000,0x00000000efd00000,0x00000000eff80000)
 ParOldGen       total 42496K, used 9880K [0x00000000c3c00000, 0x00000000c6580000, 0x00000000ebf00000)
  object space 42496K, 23% used [0x00000000c3c00000,0x00000000c45a6338,0x00000000c6580000)
 Metaspace       used 19354K, capacity 19644K, committed 19968K, reserved 1067008K
  class space    used 2366K, capacity 2467K, committed 2560K, reserved 1048576K
Event: 5.106 GC heap after
Heap after GC invocations=5 (full 0):
 PSYoungGen      total 66048K, used 2528K [0x00000000ebf00000, 0x00000000f4f00000, 0x0000000100000000)
  eden space 63488K, 0% used [0x00000000ebf00000,0x00000000ebf00000,0x00000000efd00000)
  from space 2560K, 98% used [0x00000000efd00000,0x00000000eff78040,0x00000000eff80000)
  to   space 10240K, 0% used [0x00000000f4500000,0x00000000f4500000,0x00000000f4f00000)
 ParOldGen       total 42496K, used 14325K [0x00000000c3c00000, 0x00000000c6580000, 0x00000000ebf00000)
  object space 42496K, 33% used [0x00000000c3c00000,0x00000000c49fd740,0x00000000c6580000)
 Metaspace       used 19354K, capacity 19644K, committed 19968K, reserved 1067008K
  class space    used 2366K, capacity 2467K, committed 2560K, reserved 1048576K
}
Event: 5.490 GC heap before
{Heap before GC invocations=6 (full 0):
 PSYoungGen      total 66048K, used 66016K [0x00000000ebf00000, 0x00000000f4f00000, 0x0000000100000000)
  eden space 63488K, 100% used [0x00000000ebf00000,0x00000000efd00000,0x00000000efd00000)
  from space 2560K, 98% used [0x00000000efd00000,0x00000000eff78040,0x00000000eff80000)
  to   space 10240K, 0% used [0x00000000f4500000,0x00000000f4500000,0x00000000f4f00000)
 ParOldGen       total 42496K, used 14325K [0x00000000c3c00000, 0x00000000c6580000, 0x00000000ebf00000)
  object space 42496K, 33% used [0x00000000c3c00000,0x00000000c49fd740,0x00000000c6580000)
 Metaspace       used 20283K, capacity 20520K, committed 20864K, reserved 1067008K
  class space    used 2470K, capacity 2565K, committed 2688K, reserved 1048576K
Event: 5.508 GC heap after
Heap after GC invocations=6 (full 0):
 PSYoungGen      total 136704K, used 7721K [0x00000000ebf00000, 0x00000000f5000000, 0x0000000100000000)
  eden space 126464K, 0% used [0x00000000ebf00000,0x00000000ebf00000,0x00000000f3a80000)
  from space 10240K, 75% used [0x00000000f4500000,0x00000000f4c8a770,0x00000000f4f00000)
  to   space 10752K, 0% used [0x00000000f3a80000,0x00000000f3a80000,0x00000000f4500000)
 ParOldGen       total 42496K, used 14333K [0x00000000c3c00000, 0x00000000c6580000, 0x00000000ebf00000)
  object space 42496K, 33% used [0x00000000c3c00000,0x00000000c49ff740,0x00000000c6580000)
 Metaspace       used 20283K, capacity 20520K, committed 20864K, reserved 1067008K
  class space    used 2470K, capacity 2565K, committed 2688K, reserved 1048576K
}
Event: 5.898 GC heap before
{Heap before GC invocations=7 (full 0):
 PSYoungGen      total 136704K, used 46830K [0x00000000ebf00000, 0x00000000f5000000, 0x0000000100000000)
  eden space 126464K, 30% used [0x00000000ebf00000,0x00000000ee5312e8,0x00000000f3a80000)
  from space 10240K, 75% used [0x00000000f4500000,0x00000000f4c8a770,0x00000000f4f00000)
  to   space 10752K, 0% used [0x00000000f3a80000,0x00000000f3a80000,0x00000000f4500000)
 ParOldGen       total 42496K, used 14333K [0x00000000c3c00000, 0x00000000c6580000, 0x00000000ebf00000)
  object space 42496K, 33% used [0x00000000c3c00000,0x00000000c49ff740,0x00000000c6580000)
 Metaspace       used 20882K, capacity 21134K, committed 21296K, reserved 1069056K
  class space    used 2561K, capacity 2662K, committed 2688K, reserved 1048576K

